2025-01-06 17:55:38,372 - root - INFO - PARAMETER----------
2025-01-06 17:55:38,373 - root - INFO - ALG=bfs
2025-01-06 17:55:38,373 - root - INFO - BATCH_SIZE=8
2025-01-06 17:55:38,373 - root - INFO - CHAR2ID=chars.txt
2025-01-06 17:55:38,373 - root - INFO - CHECKPOINT_DIR=checkpoint/pretrain/
2025-01-06 17:55:38,373 - root - INFO - DATA_EFF=False
2025-01-06 17:55:38,373 - root - INFO - DATA_FOLDER=data/CWQ/
2025-01-06 17:55:38,374 - root - INFO - DECAY_RATE=0.0
2025-01-06 17:55:38,374 - root - INFO - ENTITY2ID=entities.txt
2025-01-06 17:55:38,374 - root - INFO - ENTITY_DIM=50
2025-01-06 17:55:38,374 - root - INFO - ENTITY_EMB_FILE=None
2025-01-06 17:55:38,374 - root - INFO - EPS=0.95
2025-01-06 17:55:38,374 - root - INFO - EVAL_EVERY=2
2025-01-06 17:55:38,374 - root - INFO - EXPERIMENT_NAME=CWQ
2025-01-06 17:55:38,374 - root - INFO - FACT_DROP=0
2025-01-06 17:55:38,374 - root - INFO - FACT_SCALE=3
2025-01-06 17:55:38,374 - root - INFO - GRADIENT_CLIP=1.0
2025-01-06 17:55:38,375 - root - INFO - IS_EVAL=False
2025-01-06 17:55:38,375 - root - INFO - KG_DIM=100
2025-01-06 17:55:38,375 - root - INFO - KGE_FROZEN=0
2025-01-06 17:55:38,375 - root - INFO - LABEL_SMOOTH=0.1
2025-01-06 17:55:38,375 - root - INFO - LINEAR_DROPOUT=0.2
2025-01-06 17:55:38,375 - root - INFO - LM=sbert
2025-01-06 17:55:38,375 - root - INFO - LM_DROPOUT=0.3
2025-01-06 17:55:38,375 - root - INFO - LM_FROZEN=1
2025-01-06 17:55:38,375 - root - INFO - LOAD_CKPT_FILE=None
2025-01-06 17:55:38,376 - root - INFO - LOAD_EXPERIMENT=None
2025-01-06 17:55:38,376 - root - INFO - LOG_LEVEL=info
2025-01-06 17:55:38,376 - root - INFO - LOSS_TYPE=kl
2025-01-06 17:55:38,376 - root - INFO - LR=0.0005
2025-01-06 17:55:38,376 - root - INFO - LR_SCHEDULE=False
2025-01-06 17:55:38,376 - root - INFO - MAX_TRAIN=200000
2025-01-06 17:55:38,376 - root - INFO - MODEL_NAME=ReaRev
2025-01-06 17:55:38,376 - root - INFO - NAME=cwq
2025-01-06 17:55:38,377 - root - INFO - NORM_REL=False
2025-01-06 17:55:38,377 - root - INFO - NORMALIZED_GNN=False
2025-01-06 17:55:38,377 - root - INFO - NUM_EPOCH=100
2025-01-06 17:55:38,377 - root - INFO - NUM_GNN=3
2025-01-06 17:55:38,377 - root - INFO - NUM_INS=3
2025-01-06 17:55:38,377 - root - INFO - NUM_ITER=2
2025-01-06 17:55:38,377 - root - INFO - POS_EMB=False
2025-01-06 17:55:38,377 - root - INFO - Q_TYPE=seq
2025-01-06 17:55:38,377 - root - INFO - REL_WORD_IDS=rel_word_idx.npy
2025-01-06 17:55:38,378 - root - INFO - RELATION2ID=relations.txt
2025-01-06 17:55:38,378 - root - INFO - RELATION_EMB_FILE=None
2025-01-06 17:55:38,378 - root - INFO - RELATION_WORD_EMB=True
2025-01-06 17:55:38,378 - root - INFO - SEED=19960626
2025-01-06 17:55:38,378 - root - INFO - TEST_BATCH_SIZE=20
2025-01-06 17:55:38,378 - root - INFO - USE_CUDA=True
2025-01-06 17:55:38,378 - root - INFO - USE_SELF_LOOP=True
2025-01-06 17:55:38,378 - root - INFO - WARMUP_EPOCH=0
2025-01-06 17:55:38,378 - root - INFO - WORD2ID=vocab.txt
2025-01-06 17:55:38,378 - root - INFO - WORD_DIM=300
2025-01-06 17:55:38,378 - root - INFO - WORD_EMB_FILE=word_emb.npy
2025-01-06 17:55:38,378 - root - INFO - -------------------
2025-01-06 18:05:06,594 - root - INFO - PARAMETER----------
2025-01-06 18:05:06,595 - root - INFO - ALG=bfs
2025-01-06 18:05:06,595 - root - INFO - BATCH_SIZE=8
2025-01-06 18:05:06,595 - root - INFO - CHAR2ID=chars.txt
2025-01-06 18:05:06,595 - root - INFO - CHECKPOINT_DIR=checkpoint/pretrain/
2025-01-06 18:05:06,595 - root - INFO - DATA_EFF=False
2025-01-06 18:05:06,596 - root - INFO - DATA_FOLDER=data/CWQ/
2025-01-06 18:05:06,596 - root - INFO - DECAY_RATE=0.0
2025-01-06 18:05:06,596 - root - INFO - ENTITY2ID=entities.txt
2025-01-06 18:05:06,596 - root - INFO - ENTITY_DIM=50
2025-01-06 18:05:06,596 - root - INFO - ENTITY_EMB_FILE=None
2025-01-06 18:05:06,596 - root - INFO - EPS=0.95
2025-01-06 18:05:06,596 - root - INFO - EVAL_EVERY=2
2025-01-06 18:05:06,596 - root - INFO - EXPERIMENT_NAME=CWQ
2025-01-06 18:05:06,597 - root - INFO - FACT_DROP=0
2025-01-06 18:05:06,597 - root - INFO - FACT_SCALE=3
2025-01-06 18:05:06,597 - root - INFO - GRADIENT_CLIP=1.0
2025-01-06 18:05:06,597 - root - INFO - IS_EVAL=False
2025-01-06 18:05:06,597 - root - INFO - KG_DIM=100
2025-01-06 18:05:06,597 - root - INFO - KGE_FROZEN=0
2025-01-06 18:05:06,597 - root - INFO - LABEL_SMOOTH=0.1
2025-01-06 18:05:06,597 - root - INFO - LINEAR_DROPOUT=0.2
2025-01-06 18:05:06,598 - root - INFO - LM=sbert
2025-01-06 18:05:06,598 - root - INFO - LM_DROPOUT=0.3
2025-01-06 18:05:06,598 - root - INFO - LM_FROZEN=1
2025-01-06 18:05:06,598 - root - INFO - LOAD_CKPT_FILE=None
2025-01-06 18:05:06,598 - root - INFO - LOAD_EXPERIMENT=None
2025-01-06 18:05:06,598 - root - INFO - LOG_LEVEL=info
2025-01-06 18:05:06,598 - root - INFO - LOSS_TYPE=kl
2025-01-06 18:05:06,598 - root - INFO - LR=0.0005
2025-01-06 18:05:06,598 - root - INFO - LR_SCHEDULE=False
2025-01-06 18:05:06,598 - root - INFO - MAX_TRAIN=200000
2025-01-06 18:05:06,598 - root - INFO - MODEL_NAME=ReaRev
2025-01-06 18:05:06,599 - root - INFO - NAME=cwq
2025-01-06 18:05:06,599 - root - INFO - NORM_REL=False
2025-01-06 18:05:06,599 - root - INFO - NORMALIZED_GNN=False
2025-01-06 18:05:06,599 - root - INFO - NUM_EPOCH=100
2025-01-06 18:05:06,599 - root - INFO - NUM_GNN=3
2025-01-06 18:05:06,599 - root - INFO - NUM_INS=3
2025-01-06 18:05:06,599 - root - INFO - NUM_ITER=2
2025-01-06 18:05:06,599 - root - INFO - POS_EMB=False
2025-01-06 18:05:06,599 - root - INFO - Q_TYPE=seq
2025-01-06 18:05:06,599 - root - INFO - REL_WORD_IDS=rel_word_idx.npy
2025-01-06 18:05:06,600 - root - INFO - RELATION2ID=relations.txt
2025-01-06 18:05:06,600 - root - INFO - RELATION_EMB_FILE=None
2025-01-06 18:05:06,600 - root - INFO - RELATION_WORD_EMB=True
2025-01-06 18:05:06,600 - root - INFO - SEED=19960626
2025-01-06 18:05:06,600 - root - INFO - TEST_BATCH_SIZE=20
2025-01-06 18:05:06,600 - root - INFO - USE_CUDA=True
2025-01-06 18:05:06,600 - root - INFO - USE_SELF_LOOP=True
2025-01-06 18:05:06,600 - root - INFO - WARMUP_EPOCH=0
2025-01-06 18:05:06,600 - root - INFO - WORD2ID=vocab.txt
2025-01-06 18:05:06,601 - root - INFO - WORD_DIM=300
2025-01-06 18:05:06,601 - root - INFO - WORD_EMB_FILE=word_emb.npy
2025-01-06 18:05:06,601 - root - INFO - -------------------
2025-01-06 18:16:09,376 - root - INFO - PARAMETER----------
2025-01-06 18:16:09,377 - root - INFO - ALG=bfs
2025-01-06 18:16:09,377 - root - INFO - BATCH_SIZE=8
2025-01-06 18:16:09,377 - root - INFO - CHAR2ID=chars.txt
2025-01-06 18:16:09,377 - root - INFO - CHECKPOINT_DIR=checkpoint/pretrain/
2025-01-06 18:16:09,377 - root - INFO - DATA_EFF=False
2025-01-06 18:16:09,377 - root - INFO - DATA_FOLDER=data/CWQ/
2025-01-06 18:16:09,377 - root - INFO - DECAY_RATE=0.0
2025-01-06 18:16:09,377 - root - INFO - ENTITY2ID=entities.txt
2025-01-06 18:16:09,377 - root - INFO - ENTITY_DIM=50
2025-01-06 18:16:09,377 - root - INFO - ENTITY_EMB_FILE=None
2025-01-06 18:16:09,378 - root - INFO - EPS=0.95
2025-01-06 18:16:09,378 - root - INFO - EVAL_EVERY=2
2025-01-06 18:16:09,378 - root - INFO - EXPERIMENT_NAME=CWQ
2025-01-06 18:16:09,378 - root - INFO - FACT_DROP=0
2025-01-06 18:16:09,378 - root - INFO - FACT_SCALE=3
2025-01-06 18:16:09,378 - root - INFO - GRADIENT_CLIP=1.0
2025-01-06 18:16:09,378 - root - INFO - IS_EVAL=False
2025-01-06 18:16:09,378 - root - INFO - KG_DIM=100
2025-01-06 18:16:09,379 - root - INFO - KGE_FROZEN=0
2025-01-06 18:16:09,379 - root - INFO - LABEL_SMOOTH=0.1
2025-01-06 18:16:09,379 - root - INFO - LINEAR_DROPOUT=0.2
2025-01-06 18:16:09,379 - root - INFO - LM=sbert
2025-01-06 18:16:09,379 - root - INFO - LM_DROPOUT=0.3
2025-01-06 18:16:09,379 - root - INFO - LM_FROZEN=1
2025-01-06 18:16:09,379 - root - INFO - LOAD_CKPT_FILE=None
2025-01-06 18:16:09,379 - root - INFO - LOAD_EXPERIMENT=None
2025-01-06 18:16:09,379 - root - INFO - LOG_LEVEL=info
2025-01-06 18:16:09,379 - root - INFO - LOSS_TYPE=kl
2025-01-06 18:16:09,379 - root - INFO - LR=0.0005
2025-01-06 18:16:09,379 - root - INFO - LR_SCHEDULE=False
2025-01-06 18:16:09,380 - root - INFO - MAX_TRAIN=200000
2025-01-06 18:16:09,380 - root - INFO - MODEL_NAME=ReaRev
2025-01-06 18:16:09,380 - root - INFO - NAME=cwq
2025-01-06 18:16:09,380 - root - INFO - NORM_REL=False
2025-01-06 18:16:09,380 - root - INFO - NORMALIZED_GNN=False
2025-01-06 18:16:09,380 - root - INFO - NUM_EPOCH=100
2025-01-06 18:16:09,380 - root - INFO - NUM_GNN=3
2025-01-06 18:16:09,380 - root - INFO - NUM_INS=3
2025-01-06 18:16:09,380 - root - INFO - NUM_ITER=2
2025-01-06 18:16:09,380 - root - INFO - POS_EMB=False
2025-01-06 18:16:09,380 - root - INFO - Q_TYPE=seq
2025-01-06 18:16:09,380 - root - INFO - REL_WORD_IDS=rel_word_idx.npy
2025-01-06 18:16:09,381 - root - INFO - RELATION2ID=relations.txt
2025-01-06 18:16:09,381 - root - INFO - RELATION_EMB_FILE=None
2025-01-06 18:16:09,381 - root - INFO - RELATION_WORD_EMB=True
2025-01-06 18:16:09,381 - root - INFO - SEED=19960626
2025-01-06 18:16:09,381 - root - INFO - TEST_BATCH_SIZE=20
2025-01-06 18:16:09,381 - root - INFO - USE_CUDA=True
2025-01-06 18:16:09,381 - root - INFO - USE_SELF_LOOP=True
2025-01-06 18:16:09,381 - root - INFO - WARMUP_EPOCH=0
2025-01-06 18:16:09,381 - root - INFO - WORD2ID=vocab.txt
2025-01-06 18:16:09,381 - root - INFO - WORD_DIM=300
2025-01-06 18:16:09,381 - root - INFO - WORD_EMB_FILE=word_emb.npy
2025-01-06 18:16:09,382 - root - INFO - -------------------
2025-01-06 18:26:34,922 - root - INFO - PARAMETER----------
2025-01-06 18:26:34,923 - root - INFO - ALG=bfs
2025-01-06 18:26:34,923 - root - INFO - BATCH_SIZE=8
2025-01-06 18:26:34,923 - root - INFO - CHAR2ID=chars.txt
2025-01-06 18:26:34,923 - root - INFO - CHECKPOINT_DIR=checkpoint/pretrain/
2025-01-06 18:26:34,923 - root - INFO - DATA_EFF=False
2025-01-06 18:26:34,923 - root - INFO - DATA_FOLDER=data/CWQ/
2025-01-06 18:26:34,923 - root - INFO - DECAY_RATE=0.0
2025-01-06 18:26:34,923 - root - INFO - ENTITY2ID=entities.txt
2025-01-06 18:26:35,232 - root - INFO - ENTITY_DIM=50
2025-01-06 18:26:35,232 - root - INFO - ENTITY_EMB_FILE=None
2025-01-06 18:26:35,232 - root - INFO - EPS=0.95
2025-01-06 18:26:35,232 - root - INFO - EVAL_EVERY=2
2025-01-06 18:26:35,232 - root - INFO - EXPERIMENT_NAME=CWQ
2025-01-06 18:26:35,232 - root - INFO - FACT_DROP=0
2025-01-06 18:26:35,232 - root - INFO - FACT_SCALE=3
2025-01-06 18:26:35,233 - root - INFO - GRADIENT_CLIP=1.0
2025-01-06 18:26:35,233 - root - INFO - IS_EVAL=False
2025-01-06 18:26:35,233 - root - INFO - KG_DIM=100
2025-01-06 18:26:35,233 - root - INFO - KGE_FROZEN=0
2025-01-06 18:26:35,233 - root - INFO - LABEL_SMOOTH=0.1
2025-01-06 18:26:35,233 - root - INFO - LINEAR_DROPOUT=0.2
2025-01-06 18:26:35,233 - root - INFO - LM=sbert
2025-01-06 18:26:35,233 - root - INFO - LM_DROPOUT=0.3
2025-01-06 18:26:35,233 - root - INFO - LM_FROZEN=1
2025-01-06 18:26:35,233 - root - INFO - LOAD_CKPT_FILE=None
2025-01-06 18:26:35,233 - root - INFO - LOAD_EXPERIMENT=None
2025-01-06 18:26:35,234 - root - INFO - LOG_LEVEL=info
2025-01-06 18:26:35,234 - root - INFO - LOSS_TYPE=kl
2025-01-06 18:26:35,234 - root - INFO - LR=0.0005
2025-01-06 18:26:35,234 - root - INFO - LR_SCHEDULE=False
2025-01-06 18:26:35,234 - root - INFO - MAX_TRAIN=200000
2025-01-06 18:26:35,235 - root - INFO - MODEL_NAME=ReaRev
2025-01-06 18:26:35,235 - root - INFO - NAME=cwq
2025-01-06 18:26:35,235 - root - INFO - NORM_REL=False
2025-01-06 18:26:35,235 - root - INFO - NORMALIZED_GNN=False
2025-01-06 18:26:35,236 - root - INFO - NUM_EPOCH=100
2025-01-06 18:26:35,236 - root - INFO - NUM_GNN=3
2025-01-06 18:26:35,236 - root - INFO - NUM_INS=3
2025-01-06 18:26:35,236 - root - INFO - NUM_ITER=2
2025-01-06 18:26:35,236 - root - INFO - POS_EMB=False
2025-01-06 18:26:35,237 - root - INFO - Q_TYPE=seq
2025-01-06 18:26:35,237 - root - INFO - REL_WORD_IDS=rel_word_idx.npy
2025-01-06 18:26:35,237 - root - INFO - RELATION2ID=relations.txt
2025-01-06 18:26:35,237 - root - INFO - RELATION_EMB_FILE=None
2025-01-06 18:26:35,237 - root - INFO - RELATION_WORD_EMB=True
2025-01-06 18:26:35,237 - root - INFO - SEED=19960626
2025-01-06 18:26:35,237 - root - INFO - TEST_BATCH_SIZE=20
2025-01-06 18:26:35,237 - root - INFO - USE_CUDA=True
2025-01-06 18:26:35,237 - root - INFO - USE_SELF_LOOP=True
2025-01-06 18:26:35,237 - root - INFO - WARMUP_EPOCH=0
2025-01-06 18:26:35,237 - root - INFO - WORD2ID=vocab.txt
2025-01-06 18:26:35,237 - root - INFO - WORD_DIM=300
2025-01-06 18:26:35,237 - root - INFO - WORD_EMB_FILE=word_emb.npy
2025-01-06 18:26:35,238 - root - INFO - -------------------
2025-01-06 18:41:47,391 - root - INFO - Epoch: 1, loss : 2.8363, time: 696.9016854763031
2025-01-06 18:41:47,398 - root - INFO - Training h1 : 0.2160, f1 : 0.0406
2025-01-06 18:46:24,046 - root - INFO - PARAMETER----------
2025-01-06 18:46:24,046 - root - INFO - ALG=bfs
2025-01-06 18:46:24,046 - root - INFO - BATCH_SIZE=8
2025-01-06 18:46:24,046 - root - INFO - CHAR2ID=chars.txt
2025-01-06 18:46:24,046 - root - INFO - CHECKPOINT_DIR=checkpoint/pretrain/
2025-01-06 18:46:24,046 - root - INFO - DATA_EFF=False
2025-01-06 18:46:24,047 - root - INFO - DATA_FOLDER=data/CWQ/
2025-01-06 18:46:24,047 - root - INFO - DECAY_RATE=0.0
2025-01-06 18:46:24,047 - root - INFO - ENTITY2ID=entities.txt
2025-01-06 18:46:24,047 - root - INFO - ENTITY_DIM=50
2025-01-06 18:46:24,047 - root - INFO - ENTITY_EMB_FILE=None
2025-01-06 18:46:24,047 - root - INFO - EPS=0.95
2025-01-06 18:46:24,047 - root - INFO - EVAL_EVERY=2
2025-01-06 18:46:24,047 - root - INFO - EXPERIMENT_NAME=CWQ
2025-01-06 18:46:24,047 - root - INFO - FACT_DROP=0
2025-01-06 18:46:24,047 - root - INFO - FACT_SCALE=3
2025-01-06 18:46:24,048 - root - INFO - GRADIENT_CLIP=1.0
2025-01-06 18:46:24,048 - root - INFO - IS_EVAL=False
2025-01-06 18:46:24,048 - root - INFO - KG_DIM=100
2025-01-06 18:46:24,048 - root - INFO - KGE_FROZEN=0
2025-01-06 18:46:24,048 - root - INFO - LABEL_SMOOTH=0.1
2025-01-06 18:46:24,048 - root - INFO - LINEAR_DROPOUT=0.2
2025-01-06 18:46:24,048 - root - INFO - LM=sbert
2025-01-06 18:46:24,048 - root - INFO - LM_DROPOUT=0.3
2025-01-06 18:46:24,048 - root - INFO - LM_FROZEN=1
2025-01-06 18:46:24,049 - root - INFO - LOAD_CKPT_FILE=None
2025-01-06 18:46:24,049 - root - INFO - LOAD_EXPERIMENT=None
2025-01-06 18:46:24,049 - root - INFO - LOG_LEVEL=info
2025-01-06 18:46:24,049 - root - INFO - LOSS_TYPE=kl
2025-01-06 18:46:24,049 - root - INFO - LR=0.0005
2025-01-06 18:46:24,049 - root - INFO - LR_SCHEDULE=False
2025-01-06 18:46:24,049 - root - INFO - MAX_TRAIN=200000
2025-01-06 18:46:24,049 - root - INFO - MODEL_NAME=ReaRev
2025-01-06 18:46:24,049 - root - INFO - NAME=cwq
2025-01-06 18:46:24,049 - root - INFO - NORM_REL=False
2025-01-06 18:46:24,049 - root - INFO - NORMALIZED_GNN=False
2025-01-06 18:46:24,049 - root - INFO - NUM_EPOCH=10
2025-01-06 18:46:24,050 - root - INFO - NUM_GNN=3
2025-01-06 18:46:24,050 - root - INFO - NUM_INS=3
2025-01-06 18:46:24,050 - root - INFO - NUM_ITER=2
2025-01-06 18:46:24,050 - root - INFO - POS_EMB=False
2025-01-06 18:46:24,050 - root - INFO - Q_TYPE=seq
2025-01-06 18:46:24,050 - root - INFO - REL_WORD_IDS=rel_word_idx.npy
2025-01-06 18:46:24,050 - root - INFO - RELATION2ID=relations.txt
2025-01-06 18:46:24,050 - root - INFO - RELATION_EMB_FILE=None
2025-01-06 18:46:24,050 - root - INFO - RELATION_WORD_EMB=True
2025-01-06 18:46:24,050 - root - INFO - SEED=19960626
2025-01-06 18:46:24,050 - root - INFO - TEST_BATCH_SIZE=20
2025-01-06 18:46:24,050 - root - INFO - USE_CUDA=True
2025-01-06 18:46:24,051 - root - INFO - USE_SELF_LOOP=True
2025-01-06 18:46:24,051 - root - INFO - WARMUP_EPOCH=0
2025-01-06 18:46:24,051 - root - INFO - WORD2ID=vocab.txt
2025-01-06 18:46:24,051 - root - INFO - WORD_DIM=300
2025-01-06 18:46:24,051 - root - INFO - WORD_EMB_FILE=word_emb.npy
2025-01-06 18:46:24,051 - root - INFO - -------------------
2025-01-06 19:05:17,413 - root - INFO - Epoch: 1, loss : 2.8288, time: 906.0324184894562
2025-01-06 19:05:17,418 - root - INFO - Training h1 : 0.2217, f1 : 0.0414
2025-01-06 19:20:51,995 - root - INFO - Epoch: 2, loss : 1.5808, time: 934.5776290893555
2025-01-06 19:20:52,000 - root - INFO - Training h1 : 0.4155, f1 : 0.1745
2025-01-06 19:22:10,470 - root - INFO - EVAL F1: 0.2491, H1: 0.4521, EM 0.7781
2025-01-06 19:22:10,720 - root - INFO - BEST EVAL H1: 0.4521
2025-01-06 19:22:10,951 - root - INFO - BEST EVAL F1: 0.2491
2025-01-06 19:23:30,360 - root - INFO - TEST F1: 0.2369, H1: 0.4189, EM 0.7108
2025-01-06 20:15:02,225 - root - INFO - Epoch: 3, loss : 1.3349, time: 3091.8650794029236
2025-01-06 20:15:02,230 - root - INFO - Training h1 : 0.4553, f1 : 0.2370
2025-01-06 21:30:19,953 - root - INFO - Epoch: 4, loss : 1.2093, time: 4517.72222328186
2025-01-06 21:30:19,957 - root - INFO - Training h1 : 0.4807, f1 : 0.2777
2025-01-06 21:31:31,519 - root - INFO - EVAL F1: 0.3441, H1: 0.4913, EM 0.7647
2025-01-06 21:31:31,759 - root - INFO - BEST EVAL H1: 0.4913
2025-01-06 21:31:32,006 - root - INFO - BEST EVAL F1: 0.3441
2025-01-06 21:32:43,843 - root - INFO - TEST F1: 0.3267, H1: 0.4477, EM 0.7049
2025-01-06 22:01:25,231 - root - INFO - Epoch: 5, loss : 1.1241, time: 1721.387885093689
2025-01-06 22:01:25,236 - root - INFO - Training h1 : 0.4963, f1 : 0.3029
2025-01-06 22:15:30,938 - root - INFO - Epoch: 6, loss : 1.0580, time: 845.7016499042511
2025-01-06 22:15:30,943 - root - INFO - Training h1 : 0.5132, f1 : 0.3260
2025-01-06 22:16:40,867 - root - INFO - EVAL F1: 0.4234, H1: 0.5124, EM 0.7693
2025-01-06 22:16:41,088 - root - INFO - BEST EVAL H1: 0.5124
2025-01-06 22:16:41,334 - root - INFO - BEST EVAL F1: 0.4234
2025-01-06 22:17:51,581 - root - INFO - TEST F1: 0.3996, H1: 0.4803, EM 0.6933
2025-01-06 22:30:07,007 - root - INFO - Epoch: 7, loss : 1.0122, time: 735.4251906871796
2025-01-06 22:30:07,011 - root - INFO - Training h1 : 0.5194, f1 : 0.3421
2025-01-06 22:42:19,388 - root - INFO - Epoch: 8, loss : 0.9655, time: 732.3767094612122
2025-01-06 22:42:19,392 - root - INFO - Training h1 : 0.5309, f1 : 0.3578
2025-01-06 22:43:26,014 - root - INFO - EVAL F1: 0.4237, H1: 0.5180, EM 0.7758
2025-01-06 22:43:26,243 - root - INFO - BEST EVAL H1: 0.5180
2025-01-06 22:43:26,509 - root - INFO - BEST EVAL F1: 0.4237
2025-01-06 22:44:34,243 - root - INFO - TEST F1: 0.4001, H1: 0.4925, EM 0.7026
2025-01-06 22:56:49,678 - root - INFO - Epoch: 9, loss : 0.9250, time: 735.4347364902496
2025-01-06 22:56:49,684 - root - INFO - Training h1 : 0.5343, f1 : 0.3694
2025-01-06 23:09:04,537 - root - INFO - Epoch: 10, loss : 0.9018, time: 734.853113412857
2025-01-06 23:09:04,542 - root - INFO - Training h1 : 0.5441, f1 : 0.3830
2025-01-06 23:10:11,897 - root - INFO - EVAL F1: 0.4548, H1: 0.5408, EM 0.7647
2025-01-06 23:10:12,127 - root - INFO - BEST EVAL H1: 0.5408
2025-01-06 23:10:12,384 - root - INFO - BEST EVAL F1: 0.4548
2025-01-06 23:11:21,458 - root - INFO - TEST F1: 0.4089, H1: 0.4931, EM 0.6956
2025-01-06 23:11:21,684 - root - INFO - Train Done! Evaluate on testset with saved model
2025-01-06 23:12:29,328 - root - INFO - Best h1 evaluation
2025-01-06 23:12:29,329 - root - INFO - TEST F1: 0.4089, H1: 0.4931, EM 0.6956
2025-01-06 23:13:36,852 - root - INFO - Best f1 evaluation
2025-01-06 23:13:36,852 - root - INFO - TEST F1: 0.4089, H1: 0.4931, EM 0.6956
2025-01-06 23:14:45,322 - root - INFO - Final evaluation
2025-01-06 23:14:45,323 - root - INFO - TEST F1: 0.4089, H1: 0.4931, EM 0.6956
2025-01-12 15:43:50,043 - root - INFO - PARAMETER----------
2025-01-12 15:43:50,043 - root - INFO - ALG=bfs
2025-01-12 15:43:50,056 - root - INFO - BATCH_SIZE=8
2025-01-12 15:43:50,056 - root - INFO - CHAR2ID=chars.txt
2025-01-12 15:43:50,056 - root - INFO - CHECKPOINT_DIR=checkpoint/pretrain/
2025-01-12 15:43:50,056 - root - INFO - DATA_EFF=False
2025-01-12 15:43:50,056 - root - INFO - DATA_FOLDER=data/CWQ/
2025-01-12 15:43:50,056 - root - INFO - DECAY_RATE=0.0
2025-01-12 15:43:50,056 - root - INFO - ENTITY2ID=entities.txt
2025-01-12 15:43:50,056 - root - INFO - ENTITY_DIM=50
2025-01-12 15:43:50,056 - root - INFO - ENTITY_EMB_FILE=None
2025-01-12 15:43:50,056 - root - INFO - EPS=0.95
2025-01-12 15:43:50,057 - root - INFO - EVAL_EVERY=2
2025-01-12 15:43:50,057 - root - INFO - EXPERIMENT_NAME=CWQ
2025-01-12 15:43:50,057 - root - INFO - FACT_DROP=0
2025-01-12 15:43:50,057 - root - INFO - FACT_SCALE=3
2025-01-12 15:43:50,057 - root - INFO - GRADIENT_CLIP=1.0
2025-01-12 15:43:50,057 - root - INFO - IS_EVAL=False
2025-01-12 15:43:50,057 - root - INFO - KG_DIM=100
2025-01-12 15:43:50,057 - root - INFO - KGE_FROZEN=0
2025-01-12 15:43:50,057 - root - INFO - LABEL_SMOOTH=0.1
2025-01-12 15:43:50,057 - root - INFO - LINEAR_DROPOUT=0.2
2025-01-12 15:43:50,057 - root - INFO - LM=sbert
2025-01-12 15:43:50,057 - root - INFO - LM_DROPOUT=0.3
2025-01-12 15:43:50,058 - root - INFO - LM_FROZEN=1
2025-01-12 15:43:50,058 - root - INFO - LOAD_CKPT_FILE=None
2025-01-12 15:43:50,058 - root - INFO - LOAD_EXPERIMENT=None
2025-01-12 15:43:50,058 - root - INFO - LOG_LEVEL=info
2025-01-12 15:43:50,058 - root - INFO - LOSS_TYPE=kl
2025-01-12 15:43:50,058 - root - INFO - LR=0.0005
2025-01-12 15:43:50,058 - root - INFO - LR_SCHEDULE=False
2025-01-12 15:43:50,058 - root - INFO - MAX_TRAIN=200000
2025-01-12 15:43:50,058 - root - INFO - MODEL_NAME=ReaRev
2025-01-12 15:43:50,058 - root - INFO - NAME=cwq
2025-01-12 15:43:50,058 - root - INFO - NORM_REL=False
2025-01-12 15:43:50,058 - root - INFO - NORMALIZED_GNN=False
2025-01-12 15:43:50,058 - root - INFO - NUM_EPOCH=1
2025-01-12 15:43:50,058 - root - INFO - NUM_GNN=3
2025-01-12 15:43:50,058 - root - INFO - NUM_INS=3
2025-01-12 15:43:50,058 - root - INFO - NUM_ITER=2
2025-01-12 15:43:50,058 - root - INFO - POS_EMB=False
2025-01-12 15:43:50,059 - root - INFO - Q_TYPE=seq
2025-01-12 15:43:50,059 - root - INFO - REL_WORD_IDS=rel_word_idx.npy
2025-01-12 15:43:50,059 - root - INFO - RELATION2ID=relations.txt
2025-01-12 15:43:50,059 - root - INFO - RELATION_EMB_FILE=None
2025-01-12 15:43:50,059 - root - INFO - RELATION_WORD_EMB=True
2025-01-12 15:43:50,059 - root - INFO - SAVE_PATHS=True
2025-01-12 15:43:50,059 - root - INFO - SEED=19960626
2025-01-12 15:43:50,059 - root - INFO - TEST_BATCH_SIZE=20
2025-01-12 15:43:50,059 - root - INFO - USE_CUDA=True
2025-01-12 15:43:50,059 - root - INFO - USE_SELF_LOOP=True
2025-01-12 15:43:50,059 - root - INFO - WARMUP_EPOCH=0
2025-01-12 15:43:50,059 - root - INFO - WORD2ID=vocab.txt
2025-01-12 15:43:50,059 - root - INFO - WORD_DIM=300
2025-01-12 15:43:50,060 - root - INFO - WORD_EMB_FILE=word_emb.npy
2025-01-12 15:43:50,060 - root - INFO - -------------------
2025-01-12 16:03:23,669 - root - INFO - PARAMETER----------
2025-01-12 16:03:23,669 - root - INFO - ALG=bfs
2025-01-12 16:03:23,669 - root - INFO - BATCH_SIZE=8
2025-01-12 16:03:23,669 - root - INFO - CHAR2ID=chars.txt
2025-01-12 16:03:23,669 - root - INFO - CHECKPOINT_DIR=checkpoint/pretrain/
2025-01-12 16:03:23,669 - root - INFO - DATA_EFF=False
2025-01-12 16:03:23,669 - root - INFO - DATA_FOLDER=data/CWQ/
2025-01-12 16:03:23,669 - root - INFO - DECAY_RATE=0.0
2025-01-12 16:03:23,670 - root - INFO - ENTITY2ID=entities.txt
2025-01-12 16:03:23,670 - root - INFO - ENTITY_DIM=50
2025-01-12 16:03:23,670 - root - INFO - ENTITY_EMB_FILE=None
2025-01-12 16:03:23,670 - root - INFO - EPS=0.95
2025-01-12 16:03:23,670 - root - INFO - EVAL_EVERY=2
2025-01-12 16:03:23,670 - root - INFO - EXPERIMENT_NAME=CWQ
2025-01-12 16:03:23,670 - root - INFO - FACT_DROP=0
2025-01-12 16:03:23,670 - root - INFO - FACT_SCALE=3
2025-01-12 16:03:23,670 - root - INFO - GRADIENT_CLIP=1.0
2025-01-12 16:03:23,670 - root - INFO - IS_EVAL=False
2025-01-12 16:03:23,670 - root - INFO - KG_DIM=100
2025-01-12 16:03:23,670 - root - INFO - KGE_FROZEN=0
2025-01-12 16:03:23,670 - root - INFO - LABEL_SMOOTH=0.1
2025-01-12 16:03:23,671 - root - INFO - LINEAR_DROPOUT=0.2
2025-01-12 16:03:23,671 - root - INFO - LM=sbert
2025-01-12 16:03:23,671 - root - INFO - LM_DROPOUT=0.3
2025-01-12 16:03:23,671 - root - INFO - LM_FROZEN=1
2025-01-12 16:03:23,671 - root - INFO - LOAD_CKPT_FILE=None
2025-01-12 16:03:23,671 - root - INFO - LOAD_EXPERIMENT=None
2025-01-12 16:03:23,671 - root - INFO - LOG_LEVEL=info
2025-01-12 16:03:23,671 - root - INFO - LOSS_TYPE=kl
2025-01-12 16:03:23,671 - root - INFO - LR=0.0005
2025-01-12 16:03:23,671 - root - INFO - LR_SCHEDULE=False
2025-01-12 16:03:23,671 - root - INFO - MAX_TRAIN=200000
2025-01-12 16:03:23,671 - root - INFO - MODEL_NAME=ReaRev
2025-01-12 16:03:23,671 - root - INFO - NAME=cwq
2025-01-12 16:03:23,671 - root - INFO - NORM_REL=False
2025-01-12 16:03:23,671 - root - INFO - NORMALIZED_GNN=False
2025-01-12 16:03:23,672 - root - INFO - NUM_EPOCH=2
2025-01-12 16:03:23,672 - root - INFO - NUM_GNN=3
2025-01-12 16:03:23,672 - root - INFO - NUM_INS=3
2025-01-12 16:03:23,672 - root - INFO - NUM_ITER=2
2025-01-12 16:03:23,672 - root - INFO - POS_EMB=False
2025-01-12 16:03:23,672 - root - INFO - Q_TYPE=seq
2025-01-12 16:03:23,672 - root - INFO - REL_WORD_IDS=rel_word_idx.npy
2025-01-12 16:03:23,672 - root - INFO - RELATION2ID=relations.txt
2025-01-12 16:03:23,672 - root - INFO - RELATION_EMB_FILE=None
2025-01-12 16:03:23,672 - root - INFO - RELATION_WORD_EMB=True
2025-01-12 16:03:23,672 - root - INFO - SAVE_PATHS=False
2025-01-12 16:03:23,672 - root - INFO - SEED=19960626
2025-01-12 16:03:23,672 - root - INFO - TEST_BATCH_SIZE=20
2025-01-12 16:03:23,672 - root - INFO - USE_CUDA=True
2025-01-12 16:03:23,672 - root - INFO - USE_SELF_LOOP=True
2025-01-12 16:03:23,672 - root - INFO - WARMUP_EPOCH=0
2025-01-12 16:03:23,672 - root - INFO - WORD2ID=vocab.txt
2025-01-12 16:03:23,672 - root - INFO - WORD_DIM=300
2025-01-12 16:03:23,672 - root - INFO - WORD_EMB_FILE=word_emb.npy
2025-01-12 16:03:23,672 - root - INFO - -------------------
