2025-01-12 15:55:32,080 - root - INFO - PARAMETER----------
2025-01-12 15:55:32,081 - root - INFO - ALG=bfs
2025-01-12 15:55:32,081 - root - INFO - BATCH_SIZE=8
2025-01-12 15:55:32,081 - root - INFO - CHAR2ID=chars.txt
2025-01-12 15:55:32,081 - root - INFO - CHECKPOINT_DIR=checkpoint/pretrain/
2025-01-12 15:55:32,081 - root - INFO - DATA_EFF=False
2025-01-12 15:55:32,081 - root - INFO - DATA_FOLDER=data/webqsp/
2025-01-12 15:55:32,081 - root - INFO - DECAY_RATE=0.0
2025-01-12 15:55:32,081 - root - INFO - ENTITY2ID=entities.txt
2025-01-12 15:55:32,081 - root - INFO - ENTITY_DIM=50
2025-01-12 15:55:32,081 - root - INFO - ENTITY_EMB_FILE=None
2025-01-12 15:55:32,081 - root - INFO - EPS=0.95
2025-01-12 15:55:32,081 - root - INFO - EVAL_EVERY=2
2025-01-12 15:55:32,081 - root - INFO - EXPERIMENT_NAME=Webqsp322
2025-01-12 15:55:32,082 - root - INFO - FACT_DROP=0
2025-01-12 15:55:32,082 - root - INFO - FACT_SCALE=3
2025-01-12 15:55:32,082 - root - INFO - GRADIENT_CLIP=1.0
2025-01-12 15:55:32,082 - root - INFO - IS_EVAL=False
2025-01-12 15:55:32,082 - root - INFO - KG_DIM=100
2025-01-12 15:55:32,082 - root - INFO - KGE_FROZEN=0
2025-01-12 15:55:32,082 - root - INFO - LABEL_SMOOTH=0.1
2025-01-12 15:55:32,082 - root - INFO - LINEAR_DROPOUT=0.2
2025-01-12 15:55:32,082 - root - INFO - LM=sbert
2025-01-12 15:55:32,082 - root - INFO - LM_DROPOUT=0.3
2025-01-12 15:55:32,082 - root - INFO - LM_FROZEN=1
2025-01-12 15:55:32,082 - root - INFO - LOAD_CKPT_FILE=None
2025-01-12 15:55:32,083 - root - INFO - LOAD_EXPERIMENT=None
2025-01-12 15:55:32,083 - root - INFO - LOG_LEVEL=info
2025-01-12 15:55:32,083 - root - INFO - LOSS_TYPE=kl
2025-01-12 15:55:32,083 - root - INFO - LR=0.0005
2025-01-12 15:55:32,083 - root - INFO - LR_SCHEDULE=False
2025-01-12 15:55:32,083 - root - INFO - MAX_TRAIN=200000
2025-01-12 15:55:32,083 - root - INFO - MODEL_NAME=ReaRev
2025-01-12 15:55:32,083 - root - INFO - NAME=webqsp
2025-01-12 15:55:32,083 - root - INFO - NORM_REL=False
2025-01-12 15:55:32,083 - root - INFO - NORMALIZED_GNN=False
2025-01-12 15:55:32,083 - root - INFO - NUM_EPOCH=2
2025-01-12 15:55:32,083 - root - INFO - NUM_GNN=2
2025-01-12 15:55:32,083 - root - INFO - NUM_INS=2
2025-01-12 15:55:32,084 - root - INFO - NUM_ITER=3
2025-01-12 15:55:32,084 - root - INFO - POS_EMB=False
2025-01-12 15:55:32,084 - root - INFO - Q_TYPE=seq
2025-01-12 15:55:32,084 - root - INFO - REL_WORD_IDS=rel_word_idx.npy
2025-01-12 15:55:32,084 - root - INFO - RELATION2ID=relations.txt
2025-01-12 15:55:32,084 - root - INFO - RELATION_EMB_FILE=None
2025-01-12 15:55:32,084 - root - INFO - RELATION_WORD_EMB=True
2025-01-12 15:55:32,084 - root - INFO - SAVE_PATHS=False
2025-01-12 15:55:32,084 - root - INFO - SEED=19960626
2025-01-12 15:55:32,084 - root - INFO - TEST_BATCH_SIZE=20
2025-01-12 15:55:32,085 - root - INFO - USE_CUDA=True
2025-01-12 15:55:32,085 - root - INFO - USE_SELF_LOOP=True
2025-01-12 15:55:32,085 - root - INFO - WARMUP_EPOCH=0
2025-01-12 15:55:32,085 - root - INFO - WORD2ID=vocab.txt
2025-01-12 15:55:32,085 - root - INFO - WORD_DIM=300
2025-01-12 15:55:32,085 - root - INFO - WORD_EMB_FILE=word_emb.npy
2025-01-12 15:55:32,085 - root - INFO - -------------------
2025-01-12 16:10:11,502 - root - INFO - PARAMETER----------
2025-01-12 16:10:11,502 - root - INFO - ALG=bfs
2025-01-12 16:10:11,503 - root - INFO - BATCH_SIZE=8
2025-01-12 16:10:11,503 - root - INFO - CHAR2ID=chars.txt
2025-01-12 16:10:11,503 - root - INFO - CHECKPOINT_DIR=checkpoint/pretrain/
2025-01-12 16:10:11,503 - root - INFO - DATA_EFF=False
2025-01-12 16:10:11,503 - root - INFO - DATA_FOLDER=data/webqsp/
2025-01-12 16:10:11,503 - root - INFO - DECAY_RATE=0.0
2025-01-12 16:10:11,504 - root - INFO - ENTITY2ID=entities.txt
2025-01-12 16:10:11,504 - root - INFO - ENTITY_DIM=50
2025-01-12 16:10:11,504 - root - INFO - ENTITY_EMB_FILE=None
2025-01-12 16:10:11,504 - root - INFO - EPS=0.95
2025-01-12 16:10:11,504 - root - INFO - EVAL_EVERY=2
2025-01-12 16:10:11,504 - root - INFO - EXPERIMENT_NAME=Webqsp322
2025-01-12 16:10:11,504 - root - INFO - FACT_DROP=0
2025-01-12 16:10:11,504 - root - INFO - FACT_SCALE=3
2025-01-12 16:10:11,504 - root - INFO - GRADIENT_CLIP=1.0
2025-01-12 16:10:11,504 - root - INFO - IS_EVAL=False
2025-01-12 16:10:11,505 - root - INFO - KG_DIM=100
2025-01-12 16:10:11,505 - root - INFO - KGE_FROZEN=0
2025-01-12 16:10:11,505 - root - INFO - LABEL_SMOOTH=0.1
2025-01-12 16:10:11,505 - root - INFO - LINEAR_DROPOUT=0.2
2025-01-12 16:10:11,505 - root - INFO - LM=sbert
2025-01-12 16:10:11,505 - root - INFO - LM_DROPOUT=0.3
2025-01-12 16:10:11,505 - root - INFO - LM_FROZEN=1
2025-01-12 16:10:11,505 - root - INFO - LOAD_CKPT_FILE=None
2025-01-12 16:10:11,505 - root - INFO - LOAD_EXPERIMENT=None
2025-01-12 16:10:11,505 - root - INFO - LOG_LEVEL=info
2025-01-12 16:10:11,506 - root - INFO - LOSS_TYPE=kl
2025-01-12 16:10:11,506 - root - INFO - LR=0.0005
2025-01-12 16:10:11,506 - root - INFO - LR_SCHEDULE=False
2025-01-12 16:10:11,506 - root - INFO - MAX_TRAIN=200000
2025-01-12 16:10:11,506 - root - INFO - MODEL_NAME=ReaRev
2025-01-12 16:10:11,506 - root - INFO - NAME=webqsp
2025-01-12 16:10:11,506 - root - INFO - NORM_REL=False
2025-01-12 16:10:11,506 - root - INFO - NORMALIZED_GNN=False
2025-01-12 16:10:11,506 - root - INFO - NUM_EPOCH=2
2025-01-12 16:10:11,506 - root - INFO - NUM_GNN=2
2025-01-12 16:10:11,506 - root - INFO - NUM_INS=2
2025-01-12 16:10:11,507 - root - INFO - NUM_ITER=3
2025-01-12 16:10:11,507 - root - INFO - POS_EMB=False
2025-01-12 16:10:11,507 - root - INFO - Q_TYPE=seq
2025-01-12 16:10:11,507 - root - INFO - REL_WORD_IDS=rel_word_idx.npy
2025-01-12 16:10:11,507 - root - INFO - RELATION2ID=relations.txt
2025-01-12 16:10:11,507 - root - INFO - RELATION_EMB_FILE=None
2025-01-12 16:10:11,507 - root - INFO - RELATION_WORD_EMB=True
2025-01-12 16:10:11,507 - root - INFO - SAVE_PATHS=False
2025-01-12 16:10:11,507 - root - INFO - SEED=19960626
2025-01-12 16:10:11,507 - root - INFO - TEST_BATCH_SIZE=20
2025-01-12 16:10:11,508 - root - INFO - USE_CUDA=True
2025-01-12 16:10:11,508 - root - INFO - USE_SELF_LOOP=True
2025-01-12 16:10:11,508 - root - INFO - WARMUP_EPOCH=0
2025-01-12 16:10:11,508 - root - INFO - WORD2ID=vocab.txt
2025-01-12 16:10:11,508 - root - INFO - WORD_DIM=300
2025-01-12 16:10:11,508 - root - INFO - WORD_EMB_FILE=word_emb.npy
2025-01-12 16:10:11,508 - root - INFO - -------------------
2025-01-12 16:15:34,053 - root - INFO - PARAMETER----------
2025-01-12 16:15:34,053 - root - INFO - ALG=bfs
2025-01-12 16:15:34,053 - root - INFO - BATCH_SIZE=8
2025-01-12 16:15:34,054 - root - INFO - CHAR2ID=chars.txt
2025-01-12 16:15:34,054 - root - INFO - CHECKPOINT_DIR=checkpoint/pretrain/
2025-01-12 16:15:34,054 - root - INFO - DATA_EFF=False
2025-01-12 16:15:34,054 - root - INFO - DATA_FOLDER=data/webqsp/
2025-01-12 16:15:34,054 - root - INFO - DECAY_RATE=0.0
2025-01-12 16:15:34,054 - root - INFO - ENTITY2ID=entities.txt
2025-01-12 16:15:34,054 - root - INFO - ENTITY_DIM=50
2025-01-12 16:15:34,054 - root - INFO - ENTITY_EMB_FILE=None
2025-01-12 16:15:34,054 - root - INFO - EPS=0.95
2025-01-12 16:15:34,055 - root - INFO - EVAL_EVERY=2
2025-01-12 16:15:34,055 - root - INFO - EXPERIMENT_NAME=Webqsp322
2025-01-12 16:15:34,055 - root - INFO - FACT_DROP=0
2025-01-12 16:15:34,055 - root - INFO - FACT_SCALE=3
2025-01-12 16:15:34,055 - root - INFO - GRADIENT_CLIP=1.0
2025-01-12 16:15:34,055 - root - INFO - IS_EVAL=False
2025-01-12 16:15:34,055 - root - INFO - KG_DIM=100
2025-01-12 16:15:34,055 - root - INFO - KGE_FROZEN=0
2025-01-12 16:15:34,055 - root - INFO - LABEL_SMOOTH=0.1
2025-01-12 16:15:34,055 - root - INFO - LINEAR_DROPOUT=0.2
2025-01-12 16:15:34,055 - root - INFO - LM=sbert
2025-01-12 16:15:34,056 - root - INFO - LM_DROPOUT=0.3
2025-01-12 16:15:34,056 - root - INFO - LM_FROZEN=1
2025-01-12 16:15:34,056 - root - INFO - LOAD_CKPT_FILE=None
2025-01-12 16:15:34,056 - root - INFO - LOAD_EXPERIMENT=None
2025-01-12 16:15:34,056 - root - INFO - LOG_LEVEL=info
2025-01-12 16:15:34,056 - root - INFO - LOSS_TYPE=kl
2025-01-12 16:15:34,056 - root - INFO - LR=0.0005
2025-01-12 16:15:34,056 - root - INFO - LR_SCHEDULE=False
2025-01-12 16:15:34,056 - root - INFO - MAX_TRAIN=200000
2025-01-12 16:15:34,056 - root - INFO - MODEL_NAME=ReaRev
2025-01-12 16:15:34,056 - root - INFO - NAME=webqsp
2025-01-12 16:15:34,057 - root - INFO - NORM_REL=False
2025-01-12 16:15:34,057 - root - INFO - NORMALIZED_GNN=False
2025-01-12 16:15:34,057 - root - INFO - NUM_EPOCH=2
2025-01-12 16:15:34,057 - root - INFO - NUM_GNN=2
2025-01-12 16:15:34,057 - root - INFO - NUM_INS=2
2025-01-12 16:15:34,057 - root - INFO - NUM_ITER=3
2025-01-12 16:15:34,057 - root - INFO - POS_EMB=False
2025-01-12 16:15:34,057 - root - INFO - Q_TYPE=seq
2025-01-12 16:15:34,057 - root - INFO - REL_WORD_IDS=rel_word_idx.npy
2025-01-12 16:15:34,057 - root - INFO - RELATION2ID=relations.txt
2025-01-12 16:15:34,058 - root - INFO - RELATION_EMB_FILE=None
2025-01-12 16:15:34,058 - root - INFO - RELATION_WORD_EMB=True
2025-01-12 16:15:34,058 - root - INFO - SAVE_PATHS=False
2025-01-12 16:15:34,058 - root - INFO - SEED=19960626
2025-01-12 16:15:34,058 - root - INFO - TEST_BATCH_SIZE=20
2025-01-12 16:15:34,058 - root - INFO - USE_CUDA=True
2025-01-12 16:15:34,058 - root - INFO - USE_SELF_LOOP=True
2025-01-12 16:15:34,058 - root - INFO - WARMUP_EPOCH=0
2025-01-12 16:15:34,058 - root - INFO - WORD2ID=vocab.txt
2025-01-12 16:15:34,058 - root - INFO - WORD_DIM=300
2025-01-12 16:15:34,058 - root - INFO - WORD_EMB_FILE=word_emb.npy
2025-01-12 16:15:34,059 - root - INFO - -------------------
2025-01-12 16:27:46,385 - root - INFO - PARAMETER----------
2025-01-12 16:27:46,385 - root - INFO - ALG=bfs
2025-01-12 16:27:46,386 - root - INFO - BATCH_SIZE=8
2025-01-12 16:27:46,386 - root - INFO - CHAR2ID=chars.txt
2025-01-12 16:27:46,386 - root - INFO - CHECKPOINT_DIR=checkpoint/pretrain/
2025-01-12 16:27:46,386 - root - INFO - DATA_EFF=False
2025-01-12 16:27:46,386 - root - INFO - DATA_FOLDER=data/webqsp/
2025-01-12 16:27:46,386 - root - INFO - DECAY_RATE=0.0
2025-01-12 16:27:46,386 - root - INFO - ENTITY2ID=entities.txt
2025-01-12 16:27:46,386 - root - INFO - ENTITY_DIM=50
2025-01-12 16:27:46,386 - root - INFO - ENTITY_EMB_FILE=None
2025-01-12 16:27:46,386 - root - INFO - EPS=0.95
2025-01-12 16:27:46,387 - root - INFO - EVAL_EVERY=2
2025-01-12 16:27:46,387 - root - INFO - EXPERIMENT_NAME=Webqsp322
2025-01-12 16:27:46,387 - root - INFO - FACT_DROP=0
2025-01-12 16:27:46,387 - root - INFO - FACT_SCALE=3
2025-01-12 16:27:46,387 - root - INFO - GRADIENT_CLIP=1.0
2025-01-12 16:27:46,387 - root - INFO - IS_EVAL=False
2025-01-12 16:27:46,387 - root - INFO - KG_DIM=100
2025-01-12 16:27:46,387 - root - INFO - KGE_FROZEN=0
2025-01-12 16:27:46,387 - root - INFO - LABEL_SMOOTH=0.1
2025-01-12 16:27:46,387 - root - INFO - LINEAR_DROPOUT=0.2
2025-01-12 16:27:46,387 - root - INFO - LM=sbert
2025-01-12 16:27:46,387 - root - INFO - LM_DROPOUT=0.3
2025-01-12 16:27:46,387 - root - INFO - LM_FROZEN=1
2025-01-12 16:27:46,387 - root - INFO - LOAD_CKPT_FILE=None
2025-01-12 16:27:46,388 - root - INFO - LOAD_EXPERIMENT=None
2025-01-12 16:27:46,388 - root - INFO - LOG_LEVEL=info
2025-01-12 16:27:46,388 - root - INFO - LOSS_TYPE=kl
2025-01-12 16:27:46,388 - root - INFO - LR=0.0005
2025-01-12 16:27:46,388 - root - INFO - LR_SCHEDULE=False
2025-01-12 16:27:46,388 - root - INFO - MAX_TRAIN=200000
2025-01-12 16:27:46,388 - root - INFO - MODEL_NAME=ReaRev
2025-01-12 16:27:46,388 - root - INFO - NAME=webqsp
2025-01-12 16:27:46,388 - root - INFO - NORM_REL=False
2025-01-12 16:27:46,388 - root - INFO - NORMALIZED_GNN=False
2025-01-12 16:27:46,388 - root - INFO - NUM_EPOCH=2
2025-01-12 16:27:46,389 - root - INFO - NUM_GNN=2
2025-01-12 16:27:46,389 - root - INFO - NUM_INS=2
2025-01-12 16:27:46,389 - root - INFO - NUM_ITER=3
2025-01-12 16:27:46,389 - root - INFO - POS_EMB=False
2025-01-12 16:27:46,389 - root - INFO - Q_TYPE=seq
2025-01-12 16:27:46,389 - root - INFO - REL_WORD_IDS=rel_word_idx.npy
2025-01-12 16:27:46,389 - root - INFO - RELATION2ID=relations.txt
2025-01-12 16:27:46,389 - root - INFO - RELATION_EMB_FILE=None
2025-01-12 16:27:46,389 - root - INFO - RELATION_WORD_EMB=True
2025-01-12 16:27:46,389 - root - INFO - SAVE_PATHS=False
2025-01-12 16:27:46,389 - root - INFO - SEED=19960626
2025-01-12 16:27:46,389 - root - INFO - TEST_BATCH_SIZE=20
2025-01-12 16:27:46,390 - root - INFO - USE_CUDA=True
2025-01-12 16:27:46,390 - root - INFO - USE_SELF_LOOP=True
2025-01-12 16:27:46,390 - root - INFO - WARMUP_EPOCH=0
2025-01-12 16:27:46,390 - root - INFO - WORD2ID=vocab.txt
2025-01-12 16:27:46,390 - root - INFO - WORD_DIM=300
2025-01-12 16:27:46,390 - root - INFO - WORD_EMB_FILE=word_emb.npy
2025-01-12 16:27:46,390 - root - INFO - -------------------
2025-01-12 16:29:04,084 - root - INFO - PARAMETER----------
2025-01-12 16:29:04,084 - root - INFO - ALG=bfs
2025-01-12 16:29:04,085 - root - INFO - BATCH_SIZE=8
2025-01-12 16:29:04,085 - root - INFO - CHAR2ID=chars.txt
2025-01-12 16:29:04,085 - root - INFO - CHECKPOINT_DIR=checkpoint/pretrain/
2025-01-12 16:29:04,085 - root - INFO - DATA_EFF=False
2025-01-12 16:29:04,085 - root - INFO - DATA_FOLDER=data/webqsp/
2025-01-12 16:29:04,085 - root - INFO - DECAY_RATE=0.0
2025-01-12 16:29:04,085 - root - INFO - ENTITY2ID=entities.txt
2025-01-12 16:29:04,085 - root - INFO - ENTITY_DIM=50
2025-01-12 16:29:04,085 - root - INFO - ENTITY_EMB_FILE=None
2025-01-12 16:29:04,085 - root - INFO - EPS=0.95
2025-01-12 16:29:04,085 - root - INFO - EVAL_EVERY=2
2025-01-12 16:29:04,086 - root - INFO - EXPERIMENT_NAME=Webqsp322
2025-01-12 16:29:04,086 - root - INFO - FACT_DROP=0
2025-01-12 16:29:04,086 - root - INFO - FACT_SCALE=3
2025-01-12 16:29:04,086 - root - INFO - GRADIENT_CLIP=1.0
2025-01-12 16:29:04,086 - root - INFO - IS_EVAL=False
2025-01-12 16:29:04,086 - root - INFO - KG_DIM=100
2025-01-12 16:29:04,086 - root - INFO - KGE_FROZEN=0
2025-01-12 16:29:04,086 - root - INFO - LABEL_SMOOTH=0.1
2025-01-12 16:29:04,086 - root - INFO - LINEAR_DROPOUT=0.2
2025-01-12 16:29:04,086 - root - INFO - LM=sbert
2025-01-12 16:29:04,086 - root - INFO - LM_DROPOUT=0.3
2025-01-12 16:29:04,086 - root - INFO - LM_FROZEN=1
2025-01-12 16:29:04,086 - root - INFO - LOAD_CKPT_FILE=None
2025-01-12 16:29:04,086 - root - INFO - LOAD_EXPERIMENT=None
2025-01-12 16:29:04,087 - root - INFO - LOG_LEVEL=info
2025-01-12 16:29:04,087 - root - INFO - LOSS_TYPE=kl
2025-01-12 16:29:04,087 - root - INFO - LR=0.0005
2025-01-12 16:29:04,087 - root - INFO - LR_SCHEDULE=False
2025-01-12 16:29:04,087 - root - INFO - MAX_TRAIN=200000
2025-01-12 16:29:04,087 - root - INFO - MODEL_NAME=ReaRev
2025-01-12 16:29:04,087 - root - INFO - NAME=webqsp
2025-01-12 16:29:04,088 - root - INFO - NORM_REL=False
2025-01-12 16:29:04,088 - root - INFO - NORMALIZED_GNN=False
2025-01-12 16:29:04,088 - root - INFO - NUM_EPOCH=2
2025-01-12 16:29:04,088 - root - INFO - NUM_GNN=2
2025-01-12 16:29:04,088 - root - INFO - NUM_INS=2
2025-01-12 16:29:04,088 - root - INFO - NUM_ITER=3
2025-01-12 16:29:04,088 - root - INFO - POS_EMB=False
2025-01-12 16:29:04,088 - root - INFO - Q_TYPE=seq
2025-01-12 16:29:04,088 - root - INFO - REL_WORD_IDS=rel_word_idx.npy
2025-01-12 16:29:04,088 - root - INFO - RELATION2ID=relations.txt
2025-01-12 16:29:04,088 - root - INFO - RELATION_EMB_FILE=None
2025-01-12 16:29:04,089 - root - INFO - RELATION_WORD_EMB=True
2025-01-12 16:29:04,089 - root - INFO - SAVE_PATHS=False
2025-01-12 16:29:04,089 - root - INFO - SEED=19960626
2025-01-12 16:29:04,089 - root - INFO - TEST_BATCH_SIZE=20
2025-01-12 16:29:04,089 - root - INFO - USE_CUDA=True
2025-01-12 16:29:04,089 - root - INFO - USE_SELF_LOOP=True
2025-01-12 16:29:04,089 - root - INFO - WARMUP_EPOCH=0
2025-01-12 16:29:04,089 - root - INFO - WORD2ID=vocab.txt
2025-01-12 16:29:04,089 - root - INFO - WORD_DIM=300
2025-01-12 16:29:04,089 - root - INFO - WORD_EMB_FILE=word_emb.npy
2025-01-12 16:29:04,089 - root - INFO - -------------------
2025-01-12 16:41:38,511 - root - INFO - PARAMETER----------
2025-01-12 16:41:38,511 - root - INFO - ALG=bfs
2025-01-12 16:41:38,512 - root - INFO - BATCH_SIZE=8
2025-01-12 16:41:38,512 - root - INFO - CHAR2ID=chars.txt
2025-01-12 16:41:38,512 - root - INFO - CHECKPOINT_DIR=checkpoint/pretrain/
2025-01-12 16:41:38,512 - root - INFO - DATA_EFF=False
2025-01-12 16:41:38,512 - root - INFO - DATA_FOLDER=data/webqsp/
2025-01-12 16:41:38,512 - root - INFO - DECAY_RATE=0.0
2025-01-12 16:41:38,512 - root - INFO - ENTITY2ID=entities.txt
2025-01-12 16:41:38,512 - root - INFO - ENTITY_DIM=50
2025-01-12 16:41:38,513 - root - INFO - ENTITY_EMB_FILE=None
2025-01-12 16:41:38,513 - root - INFO - EPS=0.95
2025-01-12 16:41:38,513 - root - INFO - EVAL_EVERY=2
2025-01-12 16:41:38,513 - root - INFO - EXPERIMENT_NAME=Webqsp322
2025-01-12 16:41:38,513 - root - INFO - FACT_DROP=0
2025-01-12 16:41:38,513 - root - INFO - FACT_SCALE=3
2025-01-12 16:41:38,513 - root - INFO - GRADIENT_CLIP=1.0
2025-01-12 16:41:38,513 - root - INFO - IS_EVAL=False
2025-01-12 16:41:38,513 - root - INFO - KG_DIM=100
2025-01-12 16:41:38,513 - root - INFO - KGE_FROZEN=0
2025-01-12 16:41:38,513 - root - INFO - LABEL_SMOOTH=0.1
2025-01-12 16:41:38,513 - root - INFO - LINEAR_DROPOUT=0.2
2025-01-12 16:41:38,513 - root - INFO - LM=sbert
2025-01-12 16:41:38,513 - root - INFO - LM_DROPOUT=0.3
2025-01-12 16:41:38,514 - root - INFO - LM_FROZEN=1
2025-01-12 16:41:38,514 - root - INFO - LOAD_CKPT_FILE=None
2025-01-12 16:41:38,514 - root - INFO - LOAD_EXPERIMENT=None
2025-01-12 16:41:38,514 - root - INFO - LOG_LEVEL=info
2025-01-12 16:41:38,514 - root - INFO - LOSS_TYPE=kl
2025-01-12 16:41:38,514 - root - INFO - LR=0.0005
2025-01-12 16:41:38,514 - root - INFO - LR_SCHEDULE=False
2025-01-12 16:41:38,514 - root - INFO - MAX_TRAIN=200000
2025-01-12 16:41:38,514 - root - INFO - MODEL_NAME=ReaRev
2025-01-12 16:41:38,514 - root - INFO - NAME=webqsp
2025-01-12 16:41:38,514 - root - INFO - NORM_REL=False
2025-01-12 16:41:38,514 - root - INFO - NORMALIZED_GNN=False
2025-01-12 16:41:38,515 - root - INFO - NUM_EPOCH=2
2025-01-12 16:41:38,515 - root - INFO - NUM_GNN=2
2025-01-12 16:41:38,515 - root - INFO - NUM_INS=2
2025-01-12 16:41:38,515 - root - INFO - NUM_ITER=3
2025-01-12 16:41:38,515 - root - INFO - POS_EMB=False
2025-01-12 16:41:38,515 - root - INFO - Q_TYPE=seq
2025-01-12 16:41:38,515 - root - INFO - REL_WORD_IDS=rel_word_idx.npy
2025-01-12 16:41:38,515 - root - INFO - RELATION2ID=relations.txt
2025-01-12 16:41:38,515 - root - INFO - RELATION_EMB_FILE=None
2025-01-12 16:41:38,515 - root - INFO - RELATION_WORD_EMB=True
2025-01-12 16:41:38,515 - root - INFO - SAVE_PATHS=False
2025-01-12 16:41:38,515 - root - INFO - SEED=19960626
2025-01-12 16:41:38,516 - root - INFO - TEST_BATCH_SIZE=20
2025-01-12 16:41:38,516 - root - INFO - USE_CUDA=True
2025-01-12 16:41:38,516 - root - INFO - USE_SELF_LOOP=True
2025-01-12 16:41:38,516 - root - INFO - WARMUP_EPOCH=0
2025-01-12 16:41:38,516 - root - INFO - WORD2ID=vocab.txt
2025-01-12 16:41:38,516 - root - INFO - WORD_DIM=300
2025-01-12 16:41:38,516 - root - INFO - WORD_EMB_FILE=word_emb.npy
2025-01-12 16:41:38,516 - root - INFO - -------------------
